<?xml version="1.0" encoding="UTF-8"?>
<testsuite name="com.naren.kadiri.FirstTest" tests="1" skipped="0" failures="0" errors="0" timestamp="2019-12-19T03:46:21" hostname="Narendras-MacBook-Pro.local" time="0.22">
  <properties/>
  <testcase name="test1" classname="com.naren.kadiri.FirstTest" time="0.22"/>
  <system-out><![CDATA[]]></system-out>
  <system-err><![CDATA[]]></system-err>
</testsuite>
